> Task :gradle-plugin:settings-plugin:checkKotlinGradlePluginConfigurationErrors
> Task :gradle-plugin:settings-plugin:compileKotlin UP-TO-DATE
> Task :gradle-plugin:settings-plugin:compileJava NO-SOURCE
> Task :gradle-plugin:settings-plugin:pluginDescriptors UP-TO-DATE
> Task :gradle-plugin:settings-plugin:processResources UP-TO-DATE
> Task :gradle-plugin:settings-plugin:classes UP-TO-DATE
> Task :gradle-plugin:settings-plugin:jar UP-TO-DATE
> Task :gradle-plugin:react-native-gradle-plugin:checkKotlinGradlePluginConfigurationErrors
> Task :gradle-plugin:react-native-gradle-plugin:compileKotlin UP-TO-DATE
> Task :gradle-plugin:react-native-gradle-plugin:compileJava NO-SOURCE
> Task :gradle-plugin:react-native-gradle-plugin:pluginDescriptors UP-TO-DATE
> Task :gradle-plugin:react-native-gradle-plugin:processResources UP-TO-DATE
> Task :gradle-plugin:react-native-gradle-plugin:classes UP-TO-DATE
> Task :gradle-plugin:react-native-gradle-plugin:jar UP-TO-DATE

> Configure project :app
WARNING: The option 'android.enableR8' is deprecated.
It was removed in version 7.0 of the Android Gradle plugin.
Please remove it from `gradle.properties`.

> Configure project :expo

Using expo modules
  - [32mexpo-asset[0m (10.0.10)
  - [32mexpo-constants[0m (16.0.2)
  - [32mexpo-file-system[0m (17.0.1)
  - [32mexpo-font[0m (12.0.9)
  - [32mexpo-keep-awake[0m (13.0.2)
  - [32mexpo-modules-core[0m (1.12.23)


> Configure project :react-native-reanimated
Android gradle plugin: 8.2.1
Gradle: 8.8

> Configure project :react-native-vision-camera
[VisionCamera] Thank you for using VisionCamera â¤ï¸
[VisionCamera] If you enjoy using VisionCamera, please consider sponsoring this project: https://github.com/sponsors/mrousavy
[VisionCamera] node_modules found at /Users/motabhai/code/profitpilot/node_modules
[VisionCamera] VisionCamera_enableFrameProcessors is set to true!
[VisionCamera] react-native-worklets-core not found, Frame Processors are disabled!
[VisionCamera] VisionCamera_enableCodeScanner is set to true!

> Task :app:buildKotlinToolingMetadata
> Task :app:checkKotlinGradlePluginConfigurationErrors
> Task :app:generateCodegenSchemaFromJavaScript SKIPPED
> Task :app:generateCodegenArtifactsFromSchema SKIPPED
> Task :app:generatePackageList
> Task :app:preBuild
> Task :app:preReleaseBuild
> Task :app:generateReleaseBuildConfig
> Task :expo:generateExpoModulesPackageListTask
> Task :expo:preBuild
> Task :expo:preReleaseBuild
> Task :expo-asset:preBuild UP-TO-DATE
> Task :expo-asset:preReleaseBuild UP-TO-DATE
> Task :expo:writeReleaseAarMetadata
> Task :expo-asset:writeReleaseAarMetadata

> Task :expo-constants:createExpoConfig

> Task :expo-constants:preBuild
> Task :expo-constants:preReleaseBuild
> Task :expo-file-system:preBuild UP-TO-DATE
> Task :expo-file-system:preReleaseBuild UP-TO-DATE
> Task :expo-constants:writeReleaseAarMetadata
> Task :expo-font:preBuild UP-TO-DATE
> Task :expo-font:preReleaseBuild UP-TO-DATE
> Task :expo-file-system:writeReleaseAarMetadata
> Task :expo-keep-awake:preBuild UP-TO-DATE
> Task :expo-keep-awake:preReleaseBuild UP-TO-DATE
> Task :expo-font:writeReleaseAarMetadata
> Task :expo-modules-core:preBuild UP-TO-DATE
> Task :expo-keep-awake:writeReleaseAarMetadata
> Task :expo-modules-core:preReleaseBuild UP-TO-DATE
> Task :react-native-fast-image:preBuild UP-TO-DATE
> Task :react-native-fast-image:preReleaseBuild UP-TO-DATE
> Task :expo-modules-core:writeReleaseAarMetadata
> Task :react-native-gesture-handler:preBuild UP-TO-DATE
> Task :react-native-gesture-handler:preReleaseBuild UP-TO-DATE
> Task :react-native-fast-image:writeReleaseAarMetadata
> Task :react-native-mmkv:preBuild UP-TO-DATE
> Task :react-native-mmkv:preReleaseBuild UP-TO-DATE
> Task :react-native-gesture-handler:writeReleaseAarMetadata
> Task :react-native-permissions:preBuild UP-TO-DATE
> Task :react-native-permissions:preReleaseBuild UP-TO-DATE
> Task :react-native-mmkv:writeReleaseAarMetadata
> Task :react-native-permissions:writeReleaseAarMetadata
> Task :react-native-reanimated:assertLatestReactNativeWithNewArchitectureTask SKIPPED
> Task :react-native-reanimated:assertMinimalReactNativeVersionTask SKIPPED
> Task :react-native-reanimated:prepareHeadersForPrefab
> Task :react-native-reanimated:preBuild
> Task :react-native-reanimated:preReleaseBuild
> Task :react-native-safe-area-context:preBuild UP-TO-DATE
> Task :react-native-safe-area-context:preReleaseBuild UP-TO-DATE
> Task :react-native-reanimated:writeReleaseAarMetadata
> Task :react-native-screens:preBuild UP-TO-DATE
> Task :react-native-screens:preReleaseBuild UP-TO-DATE
> Task :react-native-safe-area-context:writeReleaseAarMetadata
> Task :react-native-svg:preBuild UP-TO-DATE
> Task :react-native-screens:writeReleaseAarMetadata
> Task :react-native-svg:preReleaseBuild UP-TO-DATE
> Task :react-native-svg:writeReleaseAarMetadata
> Task :react-native-vision-camera:prepareHeaders
> Task :react-native-vision-camera:preBuild
> Task :react-native-vision-camera:preReleaseBuild
> Task :react-native-vision-camera:writeReleaseAarMetadata

> Task :app:createBundleReleaseJsAndAssets
Starting Metro Bundler
warning: Bundler cache is empty, rebuilding (this may take a minute)
Android Bundled 7618ms index.tsx (1413 modules)
Writing bundle output to: /Users/motabhai/code/profitpilot/android/app/build/generated/assets/createBundleReleaseJsAndAssets/index.android.bundle
Writing sourcemap output to: /Users/motabhai/code/profitpilot/android/app/build/intermediates/sourcemaps/react/release/index.android.bundle.packager.map
Copying 10 asset files
Done writing bundle output
Done writing sourcemap output

> Task :app:generateReleaseResValues
> Task :expo:generateReleaseResValues
> Task :expo:generateReleaseResources
> Task :expo:packageReleaseResources
> Task :app:checkReleaseAarMetadata
> Task :expo-asset:generateReleaseResValues
> Task :expo-asset:generateReleaseResources
> Task :expo-asset:packageReleaseResources
> Task :expo-constants:generateReleaseResValues
> Task :expo-constants:generateReleaseResources
> Task :expo-constants:packageReleaseResources
> Task :expo-file-system:generateReleaseResValues
> Task :expo-file-system:generateReleaseResources
> Task :expo-file-system:packageReleaseResources
> Task :expo-font:generateReleaseResValues
> Task :expo-font:generateReleaseResources
> Task :expo-font:packageReleaseResources
> Task :expo-keep-awake:generateReleaseResValues
> Task :expo-keep-awake:generateReleaseResources
> Task :expo-keep-awake:packageReleaseResources
> Task :expo-modules-core:generateReleaseResValues
> Task :expo-modules-core:generateReleaseResources
> Task :expo-modules-core:packageReleaseResources
> Task :react-native-fast-image:generateReleaseResValues
> Task :react-native-fast-image:generateReleaseResources
> Task :react-native-fast-image:packageReleaseResources
> Task :react-native-gesture-handler:generateReleaseResValues
> Task :react-native-gesture-handler:generateReleaseResources
> Task :react-native-gesture-handler:packageReleaseResources
> Task :react-native-mmkv:generateReleaseResValues
> Task :react-native-mmkv:generateReleaseResources
> Task :react-native-mmkv:packageReleaseResources
> Task :react-native-permissions:generateReleaseResValues
> Task :react-native-permissions:generateReleaseResources
> Task :react-native-permissions:packageReleaseResources
> Task :react-native-reanimated:generateReleaseResValues
> Task :react-native-reanimated:generateReleaseResources
> Task :react-native-reanimated:packageReleaseResources
> Task :react-native-safe-area-context:generateReleaseResValues
> Task :react-native-safe-area-context:generateReleaseResources
> Task :react-native-safe-area-context:packageReleaseResources
> Task :react-native-screens:generateReleaseResValues
> Task :react-native-screens:generateReleaseResources
> Task :react-native-screens:packageReleaseResources
> Task :react-native-svg:generateReleaseResValues
> Task :react-native-svg:generateReleaseResources
> Task :react-native-svg:packageReleaseResources
> Task :react-native-vision-camera:generateReleaseResValues
> Task :react-native-vision-camera:generateReleaseResources
> Task :react-native-vision-camera:packageReleaseResources
> Task :app:mapReleaseSourceSetPaths
> Task :app:generateReleaseResources
> Task :app:packageReleaseResources
> Task :app:createReleaseCompatibleScreenManifests
> Task :app:extractDeepLinksRelease
> Task :expo:extractDeepLinksRelease
> Task :app:parseReleaseLocalResources
> Task :expo-asset:extractDeepLinksRelease
> Task :expo-constants:extractDeepLinksRelease
> Task :expo-file-system:extractDeepLinksRelease
> Task :expo-font:extractDeepLinksRelease
> Task :expo-constants:processReleaseManifest
> Task :expo-keep-awake:extractDeepLinksRelease
> Task :expo-modules-core:extractDeepLinksRelease
> Task :expo-asset:processReleaseManifest
> Task :react-native-fast-image:extractDeepLinksRelease
> Task :expo-keep-awake:processReleaseManifest
> Task :react-native-gesture-handler:extractDeepLinksRelease
> Task :expo-font:processReleaseManifest
> Task :react-native-mmkv:extractDeepLinksRelease
> Task :react-native-permissions:extractDeepLinksRelease

> Task :expo-modules-core:processReleaseManifest
/Users/motabhai/code/profitpilot/node_modules/expo-modules-core/android/src/main/AndroidManifest.xml:8:9-11:45 Warning:
	meta-data#com.facebook.soloader.enabled@android:value was tagged at AndroidManifest.xml:8 to replace other declarations but no other declaration present

> Task :react-native-reanimated:extractDeepLinksRelease
> Task :expo:processReleaseManifest
> Task :react-native-safe-area-context:extractDeepLinksRelease

> Task :expo-file-system:processReleaseManifest
/Users/motabhai/code/profitpilot/node_modules/expo-file-system/android/src/main/AndroidManifest.xml:6:9-8:20 Warning:
	provider#expo.modules.filesystem.FileSystemFileProvider@android:authorities was tagged at AndroidManifest.xml:6 to replace other declarations but no other declaration present

> Task :react-native-screens:extractDeepLinksRelease

> Task :react-native-safe-area-context:processReleaseManifest
package="com.th3rdwave.safeareacontext" found in source AndroidManifest.xml: /Users/motabhai/code/profitpilot/node_modules/react-native-safe-area-context/android/src/main/AndroidManifest.xml.
Setting the namespace via the package attribute in the source AndroidManifest.xml is no longer supported, and the value is ignored.
Recommendation: remove package="com.th3rdwave.safeareacontext" from the source AndroidManifest.xml: /Users/motabhai/code/profitpilot/node_modules/react-native-safe-area-context/android/src/main/AndroidManifest.xml.

> Task :react-native-svg:extractDeepLinksRelease

> Task :react-native-mmkv:processReleaseManifest
package="com.reactnativemmkv" found in source AndroidManifest.xml: /Users/motabhai/code/profitpilot/node_modules/react-native-mmkv/android/src/main/AndroidManifest.xml.
Setting the namespace via the package attribute in the source AndroidManifest.xml is no longer supported, and the value is ignored.
Recommendation: remove package="com.reactnativemmkv" from the source AndroidManifest.xml: /Users/motabhai/code/profitpilot/node_modules/react-native-mmkv/android/src/main/AndroidManifest.xml.

> Task :react-native-vision-camera:extractDeepLinksRelease
> Task :react-native-permissions:processReleaseManifest

> Task :react-native-gesture-handler:processReleaseManifest
package="com.swmansion.gesturehandler" found in source AndroidManifest.xml: /Users/motabhai/code/profitpilot/node_modules/react-native-gesture-handler/android/src/main/AndroidManifest.xml.
Setting the namespace via the package attribute in the source AndroidManifest.xml is no longer supported, and the value is ignored.
Recommendation: remove package="com.swmansion.gesturehandler" from the source AndroidManifest.xml: /Users/motabhai/code/profitpilot/node_modules/react-native-gesture-handler/android/src/main/AndroidManifest.xml.

> Task :react-native-fast-image:processReleaseManifest
package="com.dylanvann.fastimage" found in source AndroidManifest.xml: /Users/motabhai/code/profitpilot/node_modules/react-native-fast-image/android/src/main/AndroidManifest.xml.
Setting the namespace via the package attribute in the source AndroidManifest.xml is no longer supported, and the value is ignored.
Recommendation: remove package="com.dylanvann.fastimage" from the source AndroidManifest.xml: /Users/motabhai/code/profitpilot/node_modules/react-native-fast-image/android/src/main/AndroidManifest.xml.

> Task :expo-constants:parseReleaseLocalResources

> Task :react-native-reanimated:processReleaseManifest
package="com.swmansion.reanimated" found in source AndroidManifest.xml: /Users/motabhai/code/profitpilot/node_modules/react-native-reanimated/android/src/main/AndroidManifest.xml.
Setting the namespace via the package attribute in the source AndroidManifest.xml is no longer supported, and the value is ignored.
Recommendation: remove package="com.swmansion.reanimated" from the source AndroidManifest.xml: /Users/motabhai/code/profitpilot/node_modules/react-native-reanimated/android/src/main/AndroidManifest.xml.

> Task :react-native-screens:processReleaseManifest
package="com.swmansion.rnscreens" found in source AndroidManifest.xml: /Users/motabhai/code/profitpilot/node_modules/react-native-screens/android/src/main/AndroidManifest.xml.
Setting the namespace via the package attribute in the source AndroidManifest.xml is no longer supported, and the value is ignored.
Recommendation: remove package="com.swmansion.rnscreens" from the source AndroidManifest.xml: /Users/motabhai/code/profitpilot/node_modules/react-native-screens/android/src/main/AndroidManifest.xml.

> Task :react-native-svg:processReleaseManifest
package="com.horcrux.svg" found in source AndroidManifest.xml: /Users/motabhai/code/profitpilot/node_modules/react-native-svg/android/src/main/AndroidManifest.xml.
Setting the namespace via the package attribute in the source AndroidManifest.xml is no longer supported, and the value is ignored.
Recommendation: remove package="com.horcrux.svg" from the source AndroidManifest.xml: /Users/motabhai/code/profitpilot/node_modules/react-native-svg/android/src/main/AndroidManifest.xml.

> Task :expo-font:parseReleaseLocalResources
> Task :expo:parseReleaseLocalResources
> Task :expo-constants:generateReleaseRFile
> Task :expo-file-system:parseReleaseLocalResources
> Task :react-native-vision-camera:processReleaseManifest

> Task :app:processReleaseMainManifest
/Users/motabhai/code/profitpilot/android/app/src/main/AndroidManifest.xml Warning:
	provider#expo.modules.filesystem.FileSystemFileProvider@android:authorities was tagged at AndroidManifest.xml:0 to replace other declarations but no other declaration present

> Task :app:processReleaseManifest
> Task :expo-asset:parseReleaseLocalResources
> Task :expo-asset:generateReleaseRFile
> Task :expo-file-system:generateReleaseRFile
> Task :expo-font:generateReleaseRFile
> Task :expo-keep-awake:parseReleaseLocalResources
> Task :expo:generateReleaseRFile
> Task :expo-modules-core:parseReleaseLocalResources
> Task :react-native-fast-image:parseReleaseLocalResources
> Task :react-native-permissions:parseReleaseLocalResources
> Task :app:processReleaseManifestForPackage
> Task :react-native-permissions:generateReleaseRFile
> Task :expo-modules-core:generateReleaseRFile
> Task :react-native-gesture-handler:parseReleaseLocalResources
> Task :expo-keep-awake:generateReleaseRFile
> Task :react-native-mmkv:parseReleaseLocalResources
> Task :react-native-safe-area-context:parseReleaseLocalResources
> Task :react-native-mmkv:generateReleaseRFile
> Task :react-native-screens:parseReleaseLocalResources
> Task :react-native-safe-area-context:generateReleaseRFile
> Task :react-native-reanimated:parseReleaseLocalResources
> Task :react-native-svg:parseReleaseLocalResources
> Task :react-native-fast-image:generateReleaseRFile
> Task :react-native-gesture-handler:generateReleaseRFile
> Task :expo:checkKotlinGradlePluginConfigurationErrors
> Task :expo:generateReleaseBuildConfig
> Task :expo-asset:checkKotlinGradlePluginConfigurationErrors
> Task :react-native-vision-camera:parseReleaseLocalResources
> Task :expo-asset:generateReleaseBuildConfig
> Task :react-native-svg:generateReleaseRFile
> Task :expo-modules-core:checkKotlinGradlePluginConfigurationErrors
> Task :react-native-reanimated:generateReleaseRFile
> Task :expo-modules-core:generateReleaseBuildConfig
> Task :react-native-screens:generateReleaseRFile
> Task :react-native-vision-camera:generateReleaseRFile
> Task :expo-modules-core:javaPreCompileRelease
> Task :expo-constants:checkKotlinGradlePluginConfigurationErrors
> Task :expo-asset:javaPreCompileRelease
> Task :expo-constants:generateReleaseBuildConfig
> Task :expo-file-system:checkKotlinGradlePluginConfigurationErrors
> Task :expo-constants:javaPreCompileRelease
> Task :expo-file-system:generateReleaseBuildConfig
> Task :expo-font:checkKotlinGradlePluginConfigurationErrors
> Task :expo-file-system:javaPreCompileRelease
> Task :expo-font:generateReleaseBuildConfig
> Task :expo-keep-awake:checkKotlinGradlePluginConfigurationErrors
> Task :expo-font:javaPreCompileRelease
> Task :expo-keep-awake:generateReleaseBuildConfig
> Task :expo-keep-awake:javaPreCompileRelease
> Task :expo:javaPreCompileRelease
> Task :react-native-fast-image:generateReleaseBuildConfig
> Task :react-native-gesture-handler:checkKotlinGradlePluginConfigurationErrors
> Task :react-native-gesture-handler:generateReleaseBuildConfig
> Task :react-native-fast-image:javaPreCompileRelease
> Task :react-native-reanimated:generateReleaseBuildConfig
> Task :app:mergeReleaseResources

> Task :react-native-fast-image:compileReleaseJavaWithJavac

> Task :react-native-reanimated:packageNdkLibs NO-SOURCE
> Task :react-native-reanimated:javaPreCompileRelease
> Task :react-native-fast-image:bundleLibCompileToJarRelease
> Task :react-native-gesture-handler:javaPreCompileRelease

> Task :react-native-reanimated:compileReleaseJavaWithJavac

> Task :react-native-mmkv:generateReleaseBuildConfig
> Task :react-native-permissions:generateReleaseBuildConfig
> Task :react-native-mmkv:javaPreCompileRelease
> Task :react-native-reanimated:bundleLibCompileToJarRelease
> Task :react-native-permissions:javaPreCompileRelease
> Task :react-native-mmkv:compileReleaseJavaWithJavac
> Task :react-native-mmkv:bundleLibCompileToJarRelease
> Task :app:processReleaseResources

> Task :react-native-permissions:compileReleaseJavaWithJavac

> Task :react-native-safe-area-context:checkKotlinGradlePluginConfigurationErrors
> Task :react-native-permissions:bundleLibCompileToJarRelease
> Task :react-native-safe-area-context:generateReleaseBuildConfig
> Task :react-native-screens:checkKotlinGradlePluginConfigurationErrors
> Task :react-native-safe-area-context:javaPreCompileRelease
> Task :react-native-screens:generateReleaseBuildConfig
> Task :react-native-screens:javaPreCompileRelease
> Task :react-native-svg:generateReleaseBuildConfig
> Task :react-native-vision-camera:checkKotlinGradlePluginConfigurationErrors
> Task :react-native-svg:javaPreCompileRelease
> Task :react-native-vision-camera:generateReleaseBuildConfig

> Task :react-native-svg:compileReleaseJavaWithJavac

> Task :react-native-svg:bundleLibCompileToJarRelease
> Task :react-native-vision-camera:javaPreCompileRelease
> Task :app:javaPreCompileRelease
> Task :app:extractProguardFiles
> Task :expo:mergeReleaseJniLibFolders
> Task :expo:mergeReleaseNativeLibs NO-SOURCE
> Task :expo:stripReleaseDebugSymbols NO-SOURCE
> Task :expo:copyReleaseJniLibsProjectAndLocalJars
> Task :expo:extractDeepLinksForAarRelease UP-TO-DATE
> Task :expo:mergeReleaseShaders
> Task :expo:compileReleaseShaders NO-SOURCE
> Task :expo:generateReleaseAssets UP-TO-DATE
> Task :expo:packageReleaseAssets
> Task :expo:prepareLintJarForPublish UP-TO-DATE
> Task :expo:prepareReleaseArtProfile UP-TO-DATE
> Task :expo-asset:mergeReleaseJniLibFolders
> Task :expo-asset:mergeReleaseNativeLibs NO-SOURCE
> Task :expo-asset:stripReleaseDebugSymbols NO-SOURCE
> Task :expo-asset:extractDeepLinksForAarRelease UP-TO-DATE
> Task :expo-asset:copyReleaseJniLibsProjectAndLocalJars
> Task :expo-asset:mergeReleaseShaders
> Task :expo-asset:compileReleaseShaders NO-SOURCE
> Task :expo-asset:generateReleaseAssets UP-TO-DATE
> Task :expo-asset:packageReleaseAssets
> Task :expo-asset:prepareLintJarForPublish UP-TO-DATE
> Task :expo-asset:prepareReleaseArtProfile UP-TO-DATE
> Task :expo-constants:mergeReleaseJniLibFolders
> Task :expo-constants:mergeReleaseNativeLibs NO-SOURCE
> Task :expo-constants:stripReleaseDebugSymbols NO-SOURCE
> Task :expo-constants:extractDeepLinksForAarRelease UP-TO-DATE
> Task :expo-constants:copyReleaseJniLibsProjectAndLocalJars
> Task :expo-constants:mergeReleaseShaders
> Task :expo-constants:compileReleaseShaders NO-SOURCE
> Task :expo-constants:generateReleaseAssets UP-TO-DATE
> Task :expo-constants:packageReleaseAssets
> Task :expo-constants:prepareLintJarForPublish UP-TO-DATE
> Task :expo-constants:prepareReleaseArtProfile UP-TO-DATE
> Task :expo-file-system:mergeReleaseJniLibFolders
> Task :expo-file-system:mergeReleaseNativeLibs NO-SOURCE
> Task :expo-file-system:stripReleaseDebugSymbols NO-SOURCE
> Task :expo-file-system:copyReleaseJniLibsProjectAndLocalJars
> Task :expo-file-system:extractDeepLinksForAarRelease UP-TO-DATE
> Task :expo-file-system:mergeReleaseShaders
> Task :expo-file-system:compileReleaseShaders NO-SOURCE
> Task :expo-file-system:generateReleaseAssets UP-TO-DATE
> Task :expo-file-system:packageReleaseAssets
> Task :expo-file-system:prepareLintJarForPublish UP-TO-DATE
> Task :expo-file-system:prepareReleaseArtProfile UP-TO-DATE
> Task :expo-font:mergeReleaseJniLibFolders
> Task :expo-font:mergeReleaseNativeLibs NO-SOURCE
> Task :expo-font:stripReleaseDebugSymbols NO-SOURCE
> Task :expo-font:copyReleaseJniLibsProjectAndLocalJars
> Task :expo-font:extractDeepLinksForAarRelease UP-TO-DATE
> Task :expo-font:mergeReleaseShaders
> Task :expo-font:compileReleaseShaders NO-SOURCE
> Task :expo-font:generateReleaseAssets UP-TO-DATE
> Task :expo-font:packageReleaseAssets
> Task :expo-font:prepareLintJarForPublish UP-TO-DATE
> Task :expo-font:prepareReleaseArtProfile UP-TO-DATE
> Task :expo-keep-awake:mergeReleaseJniLibFolders
> Task :expo-keep-awake:mergeReleaseNativeLibs NO-SOURCE
> Task :expo-keep-awake:stripReleaseDebugSymbols NO-SOURCE
> Task :expo-keep-awake:copyReleaseJniLibsProjectAndLocalJars
> Task :expo-keep-awake:extractDeepLinksForAarRelease UP-TO-DATE
> Task :expo-keep-awake:mergeReleaseShaders
> Task :expo-keep-awake:compileReleaseShaders NO-SOURCE
> Task :expo-keep-awake:generateReleaseAssets UP-TO-DATE
> Task :expo-keep-awake:packageReleaseAssets
> Task :expo-keep-awake:prepareLintJarForPublish UP-TO-DATE
> Task :expo-keep-awake:prepareReleaseArtProfile UP-TO-DATE
> Task :expo-modules-core:configureCMakeRelWithDebInfo[arm64-v8a]

> Task :react-native-safe-area-context:compileReleaseKotlin
w: file:///Users/motabhai/code/profitpilot/node_modules/react-native-safe-area-context/android/src/main/java/com/th3rdwave/safeareacontext/SafeAreaContextPackage.kt:27:11 'constructor ReactModuleInfo(String!, String!, Boolean, Boolean, Boolean, Boolean, Boolean)' is deprecated. Deprecated in Java
w: file:///Users/motabhai/code/profitpilot/node_modules/react-native-safe-area-context/android/src/main/java/com/th3rdwave/safeareacontext/SafeAreaContextPackage.kt:33:27 'hasConstants: Boolean' is deprecated. Deprecated in Java
w: file:///Users/motabhai/code/profitpilot/node_modules/react-native-safe-area-context/android/src/main/java/com/th3rdwave/safeareacontext/SafeAreaView.kt:59:23 'getter for uiImplementation: UIImplementation!' is deprecated. Deprecated in Java

> Task :react-native-gesture-handler:compileReleaseKotlin
w: file:///Users/motabhai/code/profitpilot/node_modules/react-native-gesture-handler/android/src/main/java/com/swmansion/gesturehandler/RNGestureHandlerPackage.kt:69:42 'constructor ReactModuleInfo(String!, String!, Boolean, Boolean, Boolean, Boolean, Boolean)' is deprecated. Deprecated in Java
w: file:///Users/motabhai/code/profitpilot/node_modules/react-native-gesture-handler/android/src/main/java/com/swmansion/gesturehandler/core/FlingGestureHandler.kt:25:26 Parameter 'event' is never used

> Task :react-native-screens:compileReleaseKotlin
w: file:///Users/motabhai/code/profitpilot/node_modules/react-native-screens/android/src/main/java/com/swmansion/rnscreens/RNScreensPackage.kt:58:17 'constructor ReactModuleInfo(String!, String!, Boolean, Boolean, Boolean, Boolean, Boolean)' is deprecated. Deprecated in Java
w: file:///Users/motabhai/code/profitpilot/node_modules/react-native-screens/android/src/main/java/com/swmansion/rnscreens/ScreenContainer.kt:33:53 'FrameCallback' is deprecated. Deprecated in Java
w: file:///Users/motabhai/code/profitpilot/node_modules/react-native-screens/android/src/main/java/com/swmansion/rnscreens/ScreenContainer.kt:34:38 'FrameCallback' is deprecated. Deprecated in Java
w: file:///Users/motabhai/code/profitpilot/node_modules/react-native-screens/android/src/main/java/com/swmansion/rnscreens/ScreenStackHeaderConfig.kt:101:38 'getter for systemWindowInsetTop: Int' is deprecated. Deprecated in Java
w: file:///Users/motabhai/code/profitpilot/node_modules/react-native-screens/android/src/main/java/com/swmansion/rnscreens/ScreenWindowTraits.kt:146:47 'replaceSystemWindowInsets(Int, Int, Int, Int): WindowInsetsCompat' is deprecated. Deprecated in Java
w: file:///Users/motabhai/code/profitpilot/node_modules/react-native-screens/android/src/main/java/com/swmansion/rnscreens/ScreenWindowTraits.kt:147:51 'getter for systemWindowInsetLeft: Int' is deprecated. Deprecated in Java
w: file:///Users/motabhai/code/profitpilot/node_modules/react-native-screens/android/src/main/java/com/swmansion/rnscreens/ScreenWindowTraits.kt:149:51 'getter for systemWindowInsetRight: Int' is deprecated. Deprecated in Java
w: file:///Users/motabhai/code/profitpilot/node_modules/react-native-screens/android/src/main/java/com/swmansion/rnscreens/ScreenWindowTraits.kt:150:51 'getter for systemWindowInsetBottom: Int' is deprecated. Deprecated in Java
w: file:///Users/motabhai/code/profitpilot/node_modules/react-native-screens/android/src/main/java/com/swmansion/rnscreens/SearchBarManager.kt:138:66 Elvis operator (?:) always returns the left operand of non-nullable type Boolean
w: file:///Users/motabhai/code/profitpilot/node_modules/react-native-screens/android/src/main/java/com/swmansion/rnscreens/SearchBarView.kt:153:43 Parameter 'flag' is never used
w: file:///Users/motabhai/code/profitpilot/node_modules/react-native-screens/android/src/paper/java/com/swmansion/rnscreens/FabricEnabledViewGroup.kt:10:25 Parameter 'wrapper' is never used
w: file:///Users/motabhai/code/profitpilot/node_modules/react-native-screens/android/src/paper/java/com/swmansion/rnscreens/FabricEnabledViewGroup.kt:13:9 Parameter 'width' is never used
w: file:///Users/motabhai/code/profitpilot/node_modules/react-native-screens/android/src/paper/java/com/swmansion/rnscreens/FabricEnabledViewGroup.kt:14:9 Parameter 'height' is never used
w: file:///Users/motabhai/code/profitpilot/node_modules/react-native-screens/android/src/paper/java/com/swmansion/rnscreens/FabricEnabledViewGroup.kt:15:9 Parameter 'headerHeight' is never used
w: file:///Users/motabhai/code/profitpilot/node_modules/react-native-screens/android/src/paper/java/com/swmansion/rnscreens/NativeProxy.kt:7:36 Parameter 'fabricUIManager' is never used
w: file:///Users/motabhai/code/profitpilot/node_modules/react-native-screens/android/src/paper/java/com/swmansion/rnscreens/NativeProxy.kt:11:13 Parameter 'tag' is never used
w: file:///Users/motabhai/code/profitpilot/node_modules/react-native-screens/android/src/paper/java/com/swmansion/rnscreens/NativeProxy.kt:12:13 Parameter 'view' is never used
w: file:///Users/motabhai/code/profitpilot/node_modules/react-native-screens/android/src/paper/java/com/swmansion/rnscreens/NativeProxy.kt:15:33 Parameter 'tag' is never used

> Task :react-native-vision-camera:compileReleaseKotlin
w: file:///Users/motabhai/code/profitpilot/node_modules/react-native-vision-camera/android/src/main/java/com/mrousavy/camera/core/utils/CamcorderProfileUtils.kt:66:42 'get(Int, Int): CamcorderProfile!' is deprecated. Deprecated in Java
w: file:///Users/motabhai/code/profitpilot/node_modules/react-native-vision-camera/android/src/main/java/com/mrousavy/camera/core/utils/CamcorderProfileUtils.kt:90:42 'get(Int, Int): CamcorderProfile!' is deprecated. Deprecated in Java

> Task :expo-modules-core:buildCMakeRelWithDebInfo[arm64-v8a]

> Task :react-native-gesture-handler:compileReleaseJavaWithJavac

> Task :react-native-gesture-handler:bundleLibCompileToJarRelease

> Task :react-native-safe-area-context:compileReleaseJavaWithJavac

> Task :react-native-safe-area-context:bundleLibCompileToJarRelease

> Task :react-native-screens:compileReleaseJavaWithJavac

> Task :react-native-screens:bundleLibCompileToJarRelease
> Task :react-native-vision-camera:compileReleaseJavaWithJavac
> Task :expo-modules-core:configureCMakeRelWithDebInfo[armeabi-v7a]
> Task :react-native-vision-camera:bundleLibCompileToJarRelease

> Task :expo-modules-core:compileReleaseKotlin
w: file:///Users/motabhai/code/profitpilot/node_modules/expo-modules-core/android/src/main/java/expo/modules/adapters/react/permissions/PermissionsService.kt:20:26 'Promise' is deprecated. AsyncFunction will crash when called. Use expo.modules.kotlin.Promise instead
w: file:///Users/motabhai/code/profitpilot/node_modules/expo-modules-core/android/src/main/java/expo/modules/adapters/react/permissions/PermissionsService.kt:63:51 'Promise' is deprecated. AsyncFunction will crash when called. Use expo.modules.kotlin.Promise instead
w: file:///Users/motabhai/code/profitpilot/node_modules/expo-modules-core/android/src/main/java/expo/modules/adapters/react/permissions/PermissionsService.kt:90:54 'Promise' is deprecated. AsyncFunction will crash when called. Use expo.modules.kotlin.Promise instead
w: file:///Users/motabhai/code/profitpilot/node_modules/expo-modules-core/android/src/main/java/expo/modules/kotlin/defaultmodules/CoreModule.kt:6:34 'ReactFeatureFlags' is deprecated. Deprecated in Java
w: file:///Users/motabhai/code/profitpilot/node_modules/expo-modules-core/android/src/main/java/expo/modules/kotlin/defaultmodules/CoreModule.kt:70:12 'ReactFeatureFlags' is deprecated. Deprecated in Java
w: file:///Users/motabhai/code/profitpilot/node_modules/expo-modules-core/android/src/main/java/expo/modules/kotlin/events/KModuleEventEmitterWrapper.kt:97:7 'constructor Event<T : Event<(raw) Event<*>>!>(Int)' is deprecated. Deprecated in Java
w: file:///Users/motabhai/code/profitpilot/node_modules/expo-modules-core/android/src/main/java/expo/modules/kotlin/types/JSTypeConverterHelper.kt:44:17 'get(String!): Any?' is deprecated. Deprecated in Java

> Task :expo-modules-core:buildCMakeRelWithDebInfo[armeabi-v7a]

> Task :expo-modules-core:compileReleaseJavaWithJavac

> Task :expo-modules-core:configureCMakeRelWithDebInfo[x86]
> Task :expo-modules-core:bundleLibCompileToJarRelease
> Task :expo-modules-core:buildCMakeRelWithDebInfo[x86]
> Task :expo-modules-core:configureCMakeRelWithDebInfo[x86_64]
> Task :expo-font:compileReleaseKotlin
> Task :expo-constants:compileReleaseKotlin
> Task :expo-keep-awake:compileReleaseKotlin
> Task :expo-asset:compileReleaseKotlin
> Task :expo-file-system:compileReleaseKotlin
> Task :expo-modules-core:buildCMakeRelWithDebInfo[x86_64]
> Task :expo-asset:compileReleaseJavaWithJavac
> Task :expo-asset:bundleLibCompileToJarRelease
> Task :expo-constants:compileReleaseJavaWithJavac
> Task :expo-constants:bundleLibCompileToJarRelease
> Task :expo-file-system:compileReleaseJavaWithJavac
> Task :expo-file-system:bundleLibCompileToJarRelease
> Task :expo-font:compileReleaseJavaWithJavac
> Task :expo-font:bundleLibCompileToJarRelease
> Task :expo-keep-awake:compileReleaseJavaWithJavac
> Task :expo-keep-awake:bundleLibCompileToJarRelease
> Task :expo-asset:extractReleaseAnnotations
> Task :expo-asset:mergeReleaseGeneratedProguardFiles UP-TO-DATE
> Task :expo-asset:mergeReleaseConsumerProguardFiles UP-TO-DATE
> Task :expo-asset:processReleaseJavaRes
> Task :expo-constants:extractReleaseAnnotations
> Task :expo-constants:mergeReleaseGeneratedProguardFiles UP-TO-DATE
> Task :expo-constants:mergeReleaseConsumerProguardFiles UP-TO-DATE
> Task :expo-constants:processReleaseJavaRes
> Task :expo-asset:mergeReleaseJavaResource
> Task :expo-asset:syncReleaseLibJars
> Task :expo-asset:bundleReleaseLocalLintAar
> Task :expo-file-system:extractReleaseAnnotations
> Task :expo-file-system:mergeReleaseGeneratedProguardFiles UP-TO-DATE
> Task :expo-file-system:mergeReleaseConsumerProguardFiles UP-TO-DATE
> Task :expo-file-system:processReleaseJavaRes
> Task :expo-font:extractReleaseAnnotations
> Task :expo-font:mergeReleaseGeneratedProguardFiles UP-TO-DATE
> Task :expo-font:mergeReleaseConsumerProguardFiles UP-TO-DATE
> Task :expo-font:processReleaseJavaRes
> Task :expo-keep-awake:extractReleaseAnnotations
> Task :expo-keep-awake:mergeReleaseGeneratedProguardFiles UP-TO-DATE
> Task :expo-keep-awake:mergeReleaseConsumerProguardFiles UP-TO-DATE
> Task :expo-file-system:mergeReleaseJavaResource
> Task :expo-font:mergeReleaseJavaResource
> Task :expo-constants:mergeReleaseJavaResource
> Task :expo-keep-awake:processReleaseJavaRes
> Task :expo-constants:syncReleaseLibJars
> Task :expo-constants:bundleReleaseLocalLintAar
> Task :expo-file-system:syncReleaseLibJars
> Task :expo-file-system:bundleReleaseLocalLintAar
> Task :expo-font:syncReleaseLibJars
> Task :expo-font:bundleReleaseLocalLintAar
> Task :expo-keep-awake:mergeReleaseJavaResource
> Task :expo-modules-core:mergeReleaseJniLibFolders
> Task :expo-keep-awake:syncReleaseLibJars
> Task :expo-keep-awake:bundleReleaseLocalLintAar
> Task :expo-modules-core:extractDeepLinksForAarRelease UP-TO-DATE
> Task :expo-modules-core:extractReleaseAnnotations
> Task :expo-modules-core:mergeReleaseGeneratedProguardFiles UP-TO-DATE
> Task :expo-modules-core:mergeReleaseConsumerProguardFiles
> Task :expo-modules-core:mergeReleaseShaders
> Task :expo-modules-core:compileReleaseShaders NO-SOURCE
> Task :expo-modules-core:generateReleaseAssets UP-TO-DATE
> Task :expo-modules-core:packageReleaseAssets
> Task :expo-modules-core:prepareLintJarForPublish UP-TO-DATE
> Task :expo-modules-core:prepareReleaseArtProfile UP-TO-DATE
> Task :expo-modules-core:processReleaseJavaRes
> Task :expo:extractProguardFiles
> Task :expo:writeReleaseLintModelMetadata
> Task :expo-asset:bundleLibRuntimeToJarRelease
> Task :expo-asset:extractProguardFiles
> Task :expo-modules-core:mergeReleaseJavaResource
> Task :expo-asset:createFullJarRelease
> Task :expo-modules-core:mergeReleaseNativeLibs
> Task :expo-modules-core:syncReleaseLibJars
> Task :expo-asset:writeReleaseLintModelMetadata
> Task :expo-modules-core:extractProguardFiles
> Task :expo-modules-core:writeReleaseLintModelMetadata
> Task :expo-constants:bundleLibRuntimeToJarRelease
> Task :expo-constants:extractProguardFiles
> Task :expo-constants:createFullJarRelease
> Task :expo-constants:writeReleaseLintModelMetadata
> Task :expo-file-system:extractProguardFiles
> Task :expo-file-system:writeReleaseLintModelMetadata
> Task :expo-font:extractProguardFiles
> Task :expo-font:writeReleaseLintModelMetadata
> Task :expo-font:bundleLibRuntimeToJarRelease
> Task :expo-keep-awake:bundleLibRuntimeToJarRelease
> Task :expo-keep-awake:extractProguardFiles
> Task :expo-file-system:bundleLibRuntimeToJarRelease
> Task :expo-font:createFullJarRelease
> Task :expo-file-system:createFullJarRelease
> Task :expo-keep-awake:createFullJarRelease
> Task :expo-keep-awake:writeReleaseLintModelMetadata
> Task :react-native-fast-image:processReleaseJavaRes
> Task :react-native-fast-image:bundleLibRuntimeToJarRelease
> Task :expo-modules-core:stripReleaseDebugSymbols
> Task :react-native-fast-image:mergeReleaseJniLibFolders
> Task :react-native-fast-image:createFullJarRelease
> Task :react-native-fast-image:mergeReleaseNativeLibs NO-SOURCE
> Task :react-native-fast-image:stripReleaseDebugSymbols NO-SOURCE
> Task :expo-modules-core:bundleLibRuntimeToJarRelease
> Task :react-native-fast-image:extractDeepLinksForAarRelease UP-TO-DATE
> Task :react-native-fast-image:copyReleaseJniLibsProjectAndLocalJars
> Task :expo-modules-core:copyReleaseJniLibsProjectAndLocalJars
> Task :expo-modules-core:createFullJarRelease
> Task :expo-modules-core:bundleReleaseLocalLintAar
> Task :expo-modules-core:generateReleaseLintModel
> Task :expo-asset:generateReleaseLintModel
> Task :expo-constants:generateReleaseLintModel
> Task :expo-file-system:generateReleaseLintModel
> Task :expo-font:generateReleaseLintModel
> Task :expo-keep-awake:generateReleaseLintModel
> Task :react-native-fast-image:extractReleaseAnnotations
> Task :react-native-fast-image:mergeReleaseGeneratedProguardFiles UP-TO-DATE
> Task :react-native-fast-image:mergeReleaseConsumerProguardFiles UP-TO-DATE
> Task :react-native-fast-image:mergeReleaseShaders
> Task :react-native-fast-image:compileReleaseShaders NO-SOURCE
> Task :react-native-fast-image:generateReleaseAssets UP-TO-DATE
> Task :react-native-fast-image:packageReleaseAssets
> Task :react-native-fast-image:prepareLintJarForPublish UP-TO-DATE
> Task :react-native-fast-image:prepareReleaseArtProfile UP-TO-DATE
> Task :react-native-fast-image:extractProguardFiles
> Task :react-native-fast-image:writeReleaseLintModelMetadata
> Task :react-native-fast-image:mergeReleaseJavaResource
> Task :react-native-gesture-handler:processReleaseJavaRes
> Task :react-native-fast-image:syncReleaseLibJars
> Task :react-native-gesture-handler:bundleLibRuntimeToJarRelease
> Task :react-native-fast-image:bundleReleaseLocalLintAar
> Task :react-native-gesture-handler:createFullJarRelease
> Task :react-native-fast-image:generateReleaseLintModel
> Task :react-native-gesture-handler:mergeReleaseJniLibFolders
> Task :react-native-gesture-handler:mergeReleaseNativeLibs NO-SOURCE
> Task :react-native-gesture-handler:stripReleaseDebugSymbols NO-SOURCE
> Task :react-native-gesture-handler:copyReleaseJniLibsProjectAndLocalJars
> Task :react-native-gesture-handler:extractDeepLinksForAarRelease UP-TO-DATE
> Task :react-native-gesture-handler:extractReleaseAnnotations
> Task :react-native-gesture-handler:mergeReleaseGeneratedProguardFiles UP-TO-DATE
> Task :react-native-gesture-handler:mergeReleaseConsumerProguardFiles UP-TO-DATE

> Task :expo:compileReleaseKotlin
w: file:///Users/motabhai/code/profitpilot/node_modules/expo/android/src/main/java/expo/modules/ReactActivityDelegateWrapper.kt:20:34 'ReactFeatureFlags' is deprecated. Deprecated in Java
w: file:///Users/motabhai/code/profitpilot/node_modules/expo/android/src/main/java/expo/modules/ReactActivityDelegateWrapper.kt:153:11 'ReactFeatureFlags' is deprecated. Deprecated in Java
w: file:///Users/motabhai/code/profitpilot/node_modules/expo/android/src/main/java/expo/modules/ReactActivityDelegateWrapper.kt:161:34 'constructor ReactDelegate(Activity!, ReactNativeHost!, String?, Bundle?)' is deprecated. Deprecated in Java
w: file:///Users/motabhai/code/profitpilot/node_modules/expo/android/src/main/java/expo/modules/ReactActivityDelegateWrapper.kt:231:10 'ReactFeatureFlags' is deprecated. Deprecated in Java

> Task :react-native-gesture-handler:mergeReleaseShaders
> Task :expo:compileReleaseJavaWithJavac
> Task :expo:bundleLibCompileToJarRelease
> Task :expo:bundleLibRuntimeToJarRelease
> Task :expo:processReleaseJavaRes
> Task :expo:createFullJarRelease
> Task :expo:extractReleaseAnnotations
> Task :expo:mergeReleaseGeneratedProguardFiles UP-TO-DATE
> Task :expo:mergeReleaseConsumerProguardFiles
> Task :react-native-gesture-handler:compileReleaseShaders NO-SOURCE
> Task :react-native-gesture-handler:generateReleaseAssets UP-TO-DATE
> Task :react-native-gesture-handler:packageReleaseAssets
> Task :react-native-gesture-handler:prepareLintJarForPublish UP-TO-DATE
> Task :react-native-gesture-handler:prepareReleaseArtProfile UP-TO-DATE
> Task :expo:mergeReleaseJavaResource
> Task :react-native-gesture-handler:mergeReleaseJavaResource
> Task :app:compileReleaseKotlin
> Task :react-native-reanimated:configureCMakeRelWithDebInfo[arm64-v8a]
> Task :app:compileReleaseJavaWithJavac
> Task :expo:syncReleaseLibJars
> Task :expo:bundleReleaseLocalLintAar
> Task :react-native-gesture-handler:syncReleaseLibJars
> Task :expo:generateReleaseLintModel
> Task :react-native-gesture-handler:bundleReleaseLocalLintAar
> Task :react-native-reanimated:buildCMakeRelWithDebInfo[arm64-v8a]
> Task :react-native-reanimated:configureCMakeRelWithDebInfo[armeabi-v7a]
> Task :react-native-reanimated:buildCMakeRelWithDebInfo[armeabi-v7a]
> Task :react-native-reanimated:configureCMakeRelWithDebInfo[x86]
> Task :react-native-reanimated:buildCMakeRelWithDebInfo[x86]
> Task :react-native-reanimated:configureCMakeRelWithDebInfo[x86_64]
> Task :react-native-reanimated:buildCMakeRelWithDebInfo[x86_64]
> Task :react-native-reanimated:mergeReleaseJniLibFolders
> Task :react-native-reanimated:extractDeepLinksForAarRelease UP-TO-DATE
> Task :react-native-reanimated:extractReleaseAnnotations
> Task :react-native-reanimated:mergeReleaseGeneratedProguardFiles UP-TO-DATE
> Task :react-native-reanimated:mergeReleaseConsumerProguardFiles
> Task :react-native-reanimated:mergeReleaseShaders
> Task :react-native-reanimated:compileReleaseShaders NO-SOURCE
> Task :react-native-reanimated:generateReleaseAssets UP-TO-DATE
> Task :react-native-reanimated:packageReleaseAssets
> Task :react-native-reanimated:externalNativeBuildRelease
> Task :react-native-reanimated:generateJsonModelRelease
> Task :react-native-reanimated:prefabReleaseConfigurePackage UP-TO-DATE
> Task :react-native-reanimated:mergeReleaseNativeLibs
> Task :react-native-reanimated:prefabReleasePackage
> Task :react-native-reanimated:prepareLintJarForPublish UP-TO-DATE
> Task :react-native-reanimated:prepareReleaseArtProfile UP-TO-DATE
> Task :react-native-reanimated:processReleaseJavaRes NO-SOURCE
> Task :react-native-gesture-handler:extractProguardFiles
> Task :react-native-gesture-handler:writeReleaseLintModelMetadata
> Task :react-native-reanimated:extractProguardFiles
> Task :react-native-reanimated:writeReleaseLintModelMetadata
> Task :react-native-reanimated:mergeReleaseJavaResource
> Task :react-native-mmkv:bundleLibRuntimeToJarRelease
> Task :react-native-reanimated:bundleLibRuntimeToJarRelease
> Task :react-native-reanimated:syncReleaseLibJars
> Task :react-native-reanimated:createFullJarRelease
> Task :react-native-mmkv:processReleaseJavaRes NO-SOURCE
> Task :react-native-mmkv:createFullJarRelease
> Task :react-native-reanimated:stripReleaseDebugSymbols
> Task :react-native-mmkv:configureCMakeRelWithDebInfo[arm64-v8a]
> Task :react-native-reanimated:copyReleaseJniLibsProjectAndLocalJars

> Task :react-native-mmkv:buildCMakeRelWithDebInfo[arm64-v8a]
C/C++: ninja: Entering directory `/Users/motabhai/code/profitpilot/node_modules/react-native-mmkv/android/.cxx/RelWithDebInfo/a1l4k6t7/arm64-v8a'
C/C++: /Users/motabhai/code/profitpilot/node_modules/react-native-mmkv/MMKV/Core/MMKV_IO.cpp:1625:29: warning: 'const' qualifier on reference type 'MMKVKey_t' (aka 'const basic_string<char> &') has no effect [-Wignored-reference-qualifiers]
C/C++:     auto packKeyValue = [&](const MMKVKey_t &key, const MMBuffer &value) {
C/C++:                             ^~~~~~
C/C++: /Users/motabhai/code/profitpilot/node_modules/react-native-mmkv/MMKV/Core/MMKV_IO.cpp:1683:29: warning: 'const' qualifier on reference type 'MMKVKey_t' (aka 'const basic_string<char> &') has no effect [-Wignored-reference-qualifiers]
C/C++:     auto packKeyValue = [&](const MMKVKey_t &key, const MMBuffer &value) {
C/C++:                             ^~~~~~
C/C++: 2 warnings generated.

> Task :react-native-reanimated:bundleReleaseLocalLintAar
> Task :react-native-mmkv:configureCMakeRelWithDebInfo[armeabi-v7a]
> Task :react-native-reanimated:generateReleaseLintModel
> Task :react-native-gesture-handler:generateReleaseLintModel

> Task :react-native-mmkv:buildCMakeRelWithDebInfo[armeabi-v7a]
C/C++: ninja: Entering directory `/Users/motabhai/code/profitpilot/node_modules/react-native-mmkv/android/.cxx/RelWithDebInfo/a1l4k6t7/armeabi-v7a'
C/C++: /Users/motabhai/code/profitpilot/node_modules/react-native-mmkv/MMKV/Core/MMKV_IO.cpp:1625:29: warning: 'const' qualifier on reference type 'MMKVKey_t' (aka 'const basic_string<char> &') has no effect [-Wignored-reference-qualifiers]
C/C++:     auto packKeyValue = [&](const MMKVKey_t &key, const MMBuffer &value) {
C/C++:                             ^~~~~~
C/C++: /Users/motabhai/code/profitpilot/node_modules/react-native-mmkv/MMKV/Core/MMKV_IO.cpp:1683:29: warning: 'const' qualifier on reference type 'MMKVKey_t' (aka 'const basic_string<char> &') has no effect [-Wignored-reference-qualifiers]
C/C++:     auto packKeyValue = [&](const MMKVKey_t &key, const MMBuffer &value) {
C/C++:                             ^~~~~~
C/C++: 2 warnings generated.

> Task :react-native-mmkv:configureCMakeRelWithDebInfo[x86]

> Task :react-native-mmkv:buildCMakeRelWithDebInfo[x86]
C/C++: ninja: Entering directory `/Users/motabhai/code/profitpilot/node_modules/react-native-mmkv/android/.cxx/RelWithDebInfo/a1l4k6t7/x86'
C/C++: /Users/motabhai/code/profitpilot/node_modules/react-native-mmkv/MMKV/Core/MMKV_IO.cpp:1625:29: warning: 'const' qualifier on reference type 'MMKVKey_t' (aka 'const basic_string<char> &') has no effect [-Wignored-reference-qualifiers]
C/C++:     auto packKeyValue = [&](const MMKVKey_t &key, const MMBuffer &value) {
C/C++:                             ^~~~~~
C/C++: /Users/motabhai/code/profitpilot/node_modules/react-native-mmkv/MMKV/Core/MMKV_IO.cpp:1683:29: warning: 'const' qualifier on reference type 'MMKVKey_t' (aka 'const basic_string<char> &') has no effect [-Wignored-reference-qualifiers]
C/C++:     auto packKeyValue = [&](const MMKVKey_t &key, const MMBuffer &value) {
C/C++:                             ^~~~~~
C/C++: 2 warnings generated.

> Task :react-native-mmkv:configureCMakeRelWithDebInfo[x86_64]

> Task :react-native-mmkv:buildCMakeRelWithDebInfo[x86_64]
C/C++: ninja: Entering directory `/Users/motabhai/code/profitpilot/node_modules/react-native-mmkv/android/.cxx/RelWithDebInfo/a1l4k6t7/x86_64'
C/C++: /Users/motabhai/code/profitpilot/node_modules/react-native-mmkv/MMKV/Core/MMKV_IO.cpp:1625:29: warning: 'const' qualifier on reference type 'MMKVKey_t' (aka 'const basic_string<char> &') has no effect [-Wignored-reference-qualifiers]
C/C++:     auto packKeyValue = [&](const MMKVKey_t &key, const MMBuffer &value) {
C/C++:                             ^~~~~~
C/C++: /Users/motabhai/code/profitpilot/node_modules/react-native-mmkv/MMKV/Core/MMKV_IO.cpp:1683:29: warning: 'const' qualifier on reference type 'MMKVKey_t' (aka 'const basic_string<char> &') has no effect [-Wignored-reference-qualifiers]
C/C++:     auto packKeyValue = [&](const MMKVKey_t &key, const MMBuffer &value) {
C/C++:                             ^~~~~~
C/C++: 2 warnings generated.

> Task :react-native-mmkv:mergeReleaseJniLibFolders
> Task :react-native-mmkv:extractDeepLinksForAarRelease UP-TO-DATE
> Task :react-native-mmkv:extractReleaseAnnotations
> Task :react-native-mmkv:mergeReleaseGeneratedProguardFiles UP-TO-DATE
> Task :react-native-mmkv:mergeReleaseConsumerProguardFiles UP-TO-DATE
> Task :react-native-mmkv:mergeReleaseShaders
> Task :react-native-mmkv:compileReleaseShaders NO-SOURCE
> Task :react-native-mmkv:generateReleaseAssets UP-TO-DATE
> Task :react-native-mmkv:packageReleaseAssets
> Task :react-native-mmkv:prepareLintJarForPublish UP-TO-DATE
> Task :react-native-mmkv:prepareReleaseArtProfile UP-TO-DATE
> Task :react-native-mmkv:extractProguardFiles
> Task :react-native-mmkv:writeReleaseLintModelMetadata
> Task :react-native-permissions:processReleaseJavaRes NO-SOURCE
> Task :react-native-permissions:mergeReleaseJniLibFolders
> Task :react-native-permissions:mergeReleaseNativeLibs NO-SOURCE
> Task :react-native-permissions:stripReleaseDebugSymbols NO-SOURCE
> Task :react-native-permissions:bundleLibRuntimeToJarRelease
> Task :react-native-permissions:copyReleaseJniLibsProjectAndLocalJars
> Task :react-native-permissions:createFullJarRelease
> Task :react-native-permissions:extractDeepLinksForAarRelease UP-TO-DATE
> Task :react-native-mmkv:mergeReleaseJavaResource
> Task :react-native-permissions:extractReleaseAnnotations
> Task :react-native-mmkv:syncReleaseLibJars
> Task :react-native-permissions:mergeReleaseGeneratedProguardFiles UP-TO-DATE
> Task :react-native-permissions:mergeReleaseConsumerProguardFiles UP-TO-DATE
> Task :react-native-permissions:mergeReleaseShaders
> Task :react-native-permissions:compileReleaseShaders NO-SOURCE
> Task :react-native-permissions:generateReleaseAssets UP-TO-DATE
> Task :react-native-permissions:packageReleaseAssets
> Task :react-native-permissions:prepareLintJarForPublish UP-TO-DATE
> Task :react-native-permissions:prepareReleaseArtProfile UP-TO-DATE
> Task :react-native-permissions:extractProguardFiles
> Task :react-native-permissions:writeReleaseLintModelMetadata
> Task :react-native-permissions:mergeReleaseJavaResource
> Task :react-native-mmkv:mergeReleaseNativeLibs
> Task :react-native-safe-area-context:processReleaseJavaRes
> Task :react-native-safe-area-context:bundleLibRuntimeToJarRelease
> Task :react-native-permissions:syncReleaseLibJars
> Task :react-native-permissions:bundleReleaseLocalLintAar
> Task :react-native-safe-area-context:createFullJarRelease
> Task :react-native-mmkv:stripReleaseDebugSymbols
> Task :react-native-permissions:generateReleaseLintModel
> Task :react-native-safe-area-context:mergeReleaseJniLibFolders
> Task :react-native-safe-area-context:mergeReleaseNativeLibs NO-SOURCE
> Task :react-native-safe-area-context:stripReleaseDebugSymbols NO-SOURCE
> Task :react-native-mmkv:copyReleaseJniLibsProjectAndLocalJars
> Task :react-native-safe-area-context:copyReleaseJniLibsProjectAndLocalJars
> Task :react-native-mmkv:bundleReleaseLocalLintAar
> Task :react-native-safe-area-context:extractDeepLinksForAarRelease UP-TO-DATE
> Task :react-native-mmkv:generateReleaseLintModel
> Task :react-native-safe-area-context:extractReleaseAnnotations
> Task :react-native-safe-area-context:mergeReleaseGeneratedProguardFiles UP-TO-DATE
> Task :react-native-safe-area-context:mergeReleaseConsumerProguardFiles UP-TO-DATE
> Task :react-native-safe-area-context:mergeReleaseShaders
> Task :react-native-safe-area-context:compileReleaseShaders NO-SOURCE
> Task :react-native-safe-area-context:generateReleaseAssets UP-TO-DATE
> Task :react-native-safe-area-context:packageReleaseAssets
> Task :react-native-safe-area-context:prepareLintJarForPublish UP-TO-DATE
> Task :react-native-safe-area-context:prepareReleaseArtProfile UP-TO-DATE
> Task :react-native-safe-area-context:extractProguardFiles
> Task :react-native-safe-area-context:writeReleaseLintModelMetadata
> Task :react-native-safe-area-context:mergeReleaseJavaResource
> Task :react-native-screens:processReleaseJavaRes
> Task :react-native-safe-area-context:syncReleaseLibJars
> Task :react-native-safe-area-context:bundleReleaseLocalLintAar
> Task :react-native-screens:bundleLibRuntimeToJarRelease
> Task :react-native-screens:configureCMakeRelWithDebInfo[arm64-v8a]
> Task :react-native-safe-area-context:generateReleaseLintModel
> Task :react-native-screens:createFullJarRelease
> Task :react-native-screens:buildCMakeRelWithDebInfo[arm64-v8a]
> Task :react-native-screens:configureCMakeRelWithDebInfo[armeabi-v7a]
> Task :react-native-screens:buildCMakeRelWithDebInfo[armeabi-v7a]
> Task :react-native-screens:configureCMakeRelWithDebInfo[x86]
> Task :react-native-screens:buildCMakeRelWithDebInfo[x86]
> Task :react-native-screens:configureCMakeRelWithDebInfo[x86_64]
> Task :react-native-screens:buildCMakeRelWithDebInfo[x86_64]
> Task :react-native-screens:mergeReleaseJniLibFolders
> Task :react-native-screens:extractDeepLinksForAarRelease UP-TO-DATE
> Task :react-native-screens:mergeReleaseNativeLibs
> Task :react-native-screens:extractReleaseAnnotations
> Task :react-native-screens:mergeReleaseGeneratedProguardFiles UP-TO-DATE
> Task :react-native-screens:mergeReleaseConsumerProguardFiles UP-TO-DATE
> Task :react-native-screens:mergeReleaseShaders
> Task :react-native-screens:compileReleaseShaders NO-SOURCE
> Task :react-native-screens:generateReleaseAssets UP-TO-DATE
> Task :react-native-screens:packageReleaseAssets
> Task :react-native-screens:prepareLintJarForPublish UP-TO-DATE
> Task :react-native-screens:prepareReleaseArtProfile UP-TO-DATE
> Task :react-native-screens:extractProguardFiles
> Task :react-native-screens:writeReleaseLintModelMetadata
> Task :react-native-screens:mergeReleaseJavaResource
> Task :react-native-svg:processReleaseJavaRes NO-SOURCE
> Task :react-native-screens:stripReleaseDebugSymbols
> Task :react-native-screens:syncReleaseLibJars
> Task :react-native-screens:copyReleaseJniLibsProjectAndLocalJars
> Task :react-native-svg:mergeReleaseJniLibFolders
> Task :react-native-svg:bundleLibRuntimeToJarRelease
> Task :react-native-screens:bundleReleaseLocalLintAar
> Task :react-native-svg:createFullJarRelease
> Task :react-native-screens:generateReleaseLintModel
> Task :react-native-svg:mergeReleaseNativeLibs NO-SOURCE
> Task :react-native-svg:stripReleaseDebugSymbols NO-SOURCE
> Task :react-native-svg:copyReleaseJniLibsProjectAndLocalJars
> Task :react-native-svg:extractDeepLinksForAarRelease UP-TO-DATE
> Task :react-native-svg:extractReleaseAnnotations
> Task :react-native-svg:mergeReleaseGeneratedProguardFiles UP-TO-DATE
> Task :react-native-svg:mergeReleaseConsumerProguardFiles
> Task :react-native-svg:mergeReleaseShaders
> Task :react-native-svg:compileReleaseShaders NO-SOURCE
> Task :react-native-svg:generateReleaseAssets UP-TO-DATE
> Task :react-native-svg:packageReleaseAssets
> Task :react-native-svg:prepareLintJarForPublish UP-TO-DATE
> Task :react-native-svg:prepareReleaseArtProfile UP-TO-DATE
> Task :react-native-svg:extractProguardFiles
> Task :react-native-svg:mergeReleaseJavaResource
> Task :react-native-svg:writeReleaseLintModelMetadata
> Task :react-native-svg:syncReleaseLibJars
> Task :react-native-svg:bundleReleaseLocalLintAar
> Task :react-native-vision-camera:bundleLibRuntimeToJarRelease
> Task :react-native-svg:generateReleaseLintModel
> Task :react-native-vision-camera:processReleaseJavaRes
> Task :react-native-vision-camera:createFullJarRelease

> Task :react-native-vision-camera:configureCMakeRelWithDebInfo[arm64-v8a]
C/C++: VisionCamera: Frame Processors: OFF!

> Task :react-native-vision-camera:buildCMakeRelWithDebInfo[arm64-v8a]

> Task :react-native-vision-camera:configureCMakeRelWithDebInfo[armeabi-v7a]
C/C++: VisionCamera: Frame Processors: OFF!

> Task :react-native-vision-camera:buildCMakeRelWithDebInfo[armeabi-v7a]

> Task :react-native-vision-camera:configureCMakeRelWithDebInfo[x86]
C/C++: VisionCamera: Frame Processors: OFF!

> Task :react-native-vision-camera:buildCMakeRelWithDebInfo[x86]

> Task :react-native-vision-camera:configureCMakeRelWithDebInfo[x86_64]
C/C++: VisionCamera: Frame Processors: OFF!

> Task :react-native-vision-camera:buildCMakeRelWithDebInfo[x86_64]
> Task :react-native-vision-camera:mergeReleaseJniLibFolders
> Task :react-native-vision-camera:extractDeepLinksForAarRelease UP-TO-DATE
> Task :react-native-vision-camera:extractReleaseAnnotations
> Task :react-native-vision-camera:mergeReleaseGeneratedProguardFiles UP-TO-DATE
> Task :react-native-vision-camera:mergeReleaseConsumerProguardFiles UP-TO-DATE
> Task :react-native-vision-camera:mergeReleaseShaders
> Task :react-native-vision-camera:compileReleaseShaders NO-SOURCE
> Task :react-native-vision-camera:generateReleaseAssets UP-TO-DATE
> Task :react-native-vision-camera:packageReleaseAssets
> Task :react-native-vision-camera:mergeReleaseNativeLibs
> Task :react-native-vision-camera:externalNativeBuildRelease
> Task :react-native-vision-camera:generateJsonModelRelease
> Task :react-native-vision-camera:prefabReleaseConfigurePackage UP-TO-DATE
> Task :react-native-vision-camera:stripReleaseDebugSymbols
> Task :react-native-vision-camera:prefabReleasePackage
> Task :react-native-vision-camera:prepareLintJarForPublish UP-TO-DATE
> Task :react-native-vision-camera:prepareReleaseArtProfile UP-TO-DATE
> Task :react-native-vision-camera:copyReleaseJniLibsProjectAndLocalJars
> Task :react-native-vision-camera:extractProguardFiles
> Task :react-native-vision-camera:mergeReleaseJavaResource
> Task :react-native-vision-camera:writeReleaseLintModelMetadata
> Task :react-native-vision-camera:syncReleaseLibJars
> Task :react-native-vision-camera:bundleReleaseLocalLintAar
> Task :react-native-vision-camera:generateReleaseLintModel
> Task :app:generateReleaseLintVitalReportModel
> Task :expo:generateReleaseLintVitalModel
> Task :expo-asset:generateReleaseLintVitalModel
> Task :expo-constants:generateReleaseLintVitalModel
> Task :expo-file-system:generateReleaseLintVitalModel
> Task :expo-font:generateReleaseLintVitalModel
> Task :expo-keep-awake:generateReleaseLintVitalModel
> Task :expo-modules-core:generateReleaseLintVitalModel
> Task :react-native-fast-image:generateReleaseLintVitalModel
> Task :react-native-gesture-handler:generateReleaseLintVitalModel
> Task :react-native-mmkv:generateReleaseLintVitalModel
> Task :react-native-permissions:generateReleaseLintVitalModel
> Task :react-native-reanimated:generateReleaseLintVitalModel
> Task :react-native-safe-area-context:generateReleaseLintVitalModel
> Task :react-native-screens:generateReleaseLintVitalModel
> Task :react-native-svg:generateReleaseLintVitalModel
> Task :react-native-vision-camera:generateReleaseLintVitalModel
> Task :app:mergeReleaseJniLibFolders
> Task :expo:copyReleaseJniLibsProjectOnly
> Task :expo-asset:copyReleaseJniLibsProjectOnly
> Task :expo-constants:copyReleaseJniLibsProjectOnly
> Task :expo-file-system:copyReleaseJniLibsProjectOnly
> Task :expo-font:copyReleaseJniLibsProjectOnly
> Task :expo-keep-awake:copyReleaseJniLibsProjectOnly
> Task :react-native-fast-image:copyReleaseJniLibsProjectOnly
> Task :react-native-gesture-handler:copyReleaseJniLibsProjectOnly
> Task :react-native-permissions:copyReleaseJniLibsProjectOnly
> Task :react-native-safe-area-context:copyReleaseJniLibsProjectOnly
> Task :react-native-svg:copyReleaseJniLibsProjectOnly
> Task :react-native-screens:copyReleaseJniLibsProjectOnly
> Task :expo:exportReleaseConsumerProguardFiles
> Task :react-native-fast-image:exportReleaseConsumerProguardFiles UP-TO-DATE
> Task :react-native-gesture-handler:exportReleaseConsumerProguardFiles UP-TO-DATE
> Task :react-native-mmkv:exportReleaseConsumerProguardFiles UP-TO-DATE
> Task :react-native-permissions:exportReleaseConsumerProguardFiles UP-TO-DATE
> Task :react-native-reanimated:exportReleaseConsumerProguardFiles
> Task :react-native-safe-area-context:exportReleaseConsumerProguardFiles UP-TO-DATE
> Task :react-native-screens:exportReleaseConsumerProguardFiles UP-TO-DATE
> Task :react-native-svg:exportReleaseConsumerProguardFiles
> Task :react-native-vision-camera:exportReleaseConsumerProguardFiles UP-TO-DATE
> Task :expo-asset:exportReleaseConsumerProguardFiles UP-TO-DATE
> Task :expo-constants:exportReleaseConsumerProguardFiles UP-TO-DATE
> Task :expo-file-system:exportReleaseConsumerProguardFiles UP-TO-DATE
> Task :expo-font:exportReleaseConsumerProguardFiles UP-TO-DATE
> Task :expo-keep-awake:exportReleaseConsumerProguardFiles UP-TO-DATE
> Task :expo-modules-core:exportReleaseConsumerProguardFiles
> Task :react-native-vision-camera:copyReleaseJniLibsProjectOnly
> Task :react-native-mmkv:copyReleaseJniLibsProjectOnly
> Task :app:mergeReleaseGeneratedProguardFiles UP-TO-DATE
> Task :app:processReleaseJavaRes
> Task :app:mergeReleaseArtProfile
> Task :app:checkReleaseDuplicateClasses
> Task :app:mergeReleaseShaders
> Task :app:compileReleaseShaders NO-SOURCE
> Task :app:generateReleaseAssets UP-TO-DATE
> Task :react-native-reanimated:copyReleaseJniLibsProjectOnly
> Task :expo-asset:lintVitalAnalyzeRelease
> Task :app:mergeReleaseAssets
> Task :expo-modules-core:copyReleaseJniLibsProjectOnly
> Task :app:processApplicationManifestReleaseForBundle
> Task :app:compressReleaseAssets
> Task :app:expandReleaseArtProfileWildcards
> Task :app:lintVitalAnalyzeRelease
> Task :expo-constants:lintVitalAnalyzeRelease
> Task :app:mergeReleaseJavaResource
> Task :app:bundleReleaseResources
> Task :app:mergeReleaseNativeLibs
> Task :app:collectReleaseDependencies
> Task :expo:lintVitalAnalyzeRelease
> Task :expo-font:lintVitalAnalyzeRelease
> Task :app:sdkReleaseDependencyData
> Task :app:validateSigningRelease
> Task :app:writeReleaseAppMetadata
> Task :app:writeReleaseSigningConfigVersions
> Task :expo:bundleReleaseAar
> Task :expo:mapReleaseSourceSetPaths
> Task :app:stripReleaseDebugSymbols
> Task :expo-keep-awake:lintVitalAnalyzeRelease
> Task :expo:mergeReleaseResources
> Task :expo-constants:compileReleaseLibraryResources
> Task :expo-font:compileReleaseLibraryResources
> Task :expo-file-system:compileReleaseLibraryResources
> Task :expo-asset:compileReleaseLibraryResources
> Task :expo-keep-awake:compileReleaseLibraryResources
> Task :expo-modules-core:compileReleaseLibraryResources
> Task :expo-asset:bundleReleaseAar
> Task :expo-asset:mapReleaseSourceSetPaths
> Task :app:extractReleaseNativeSymbolTables
> Task :expo-file-system:lintVitalAnalyzeRelease
> Task :react-native-fast-image:lintVitalAnalyzeRelease
> Task :expo-asset:mergeReleaseResources
> Task :expo-constants:bundleReleaseAar
> Task :expo-constants:mapReleaseSourceSetPaths
> Task :expo:verifyReleaseResources
> Task :react-native-mmkv:lintVitalAnalyzeRelease
> Task :expo-constants:mergeReleaseResources
> Task :expo:assembleRelease
> Task :expo-file-system:bundleReleaseAar
> Task :expo-file-system:mapReleaseSourceSetPaths
> Task :app:mergeReleaseNativeDebugMetadata
> Task :expo-asset:verifyReleaseResources
> Task :react-native-permissions:lintVitalAnalyzeRelease
> Task :expo-file-system:mergeReleaseResources
> Task :expo-asset:assembleRelease
> Task :expo-font:bundleReleaseAar
> Task :expo-font:mapReleaseSourceSetPaths
> Task :expo-constants:verifyReleaseResources
> Task :expo-file-system:verifyReleaseResources
> Task :expo-font:mergeReleaseResources
> Task :expo-constants:assembleRelease
> Task :expo-file-system:assembleRelease
> Task :expo-keep-awake:bundleReleaseAar
> Task :expo-keep-awake:mapReleaseSourceSetPaths
> Task :expo-font:verifyReleaseResources
> Task :expo-keep-awake:mergeReleaseResources
> Task :expo-font:assembleRelease
> Task :expo-modules-core:bundleReleaseAar
> Task :expo-modules-core:mapReleaseSourceSetPaths
> Task :expo-keep-awake:verifyReleaseResources
> Task :expo-modules-core:mergeReleaseResources
> Task :expo-keep-awake:assembleRelease
> Task :react-native-fast-image:bundleReleaseAar
> Task :react-native-fast-image:mapReleaseSourceSetPaths
> Task :expo-modules-core:verifyReleaseResources
> Task :react-native-fast-image:mergeReleaseResources
> Task :expo-modules-core:assembleRelease
> Task :react-native-gesture-handler:bundleReleaseAar
> Task :react-native-gesture-handler:mapReleaseSourceSetPaths
> Task :react-native-gesture-handler:mergeReleaseResources
> Task :react-native-reanimated:compileReleaseLibraryResources
> Task :react-native-fast-image:verifyReleaseResources
> Task :react-native-mmkv:bundleReleaseAar
> Task :react-native-fast-image:assembleRelease
> Task :react-native-mmkv:mapReleaseSourceSetPaths
> Task :react-native-gesture-handler:verifyReleaseResources
> Task :react-native-reanimated:lintVitalAnalyzeRelease
> Task :react-native-mmkv:mergeReleaseResources
> Task :react-native-gesture-handler:assembleRelease
> Task :react-native-permissions:bundleReleaseAar
> Task :react-native-permissions:mapReleaseSourceSetPaths
> Task :react-native-mmkv:verifyReleaseResources
> Task :react-native-permissions:mergeReleaseResources
> Task :react-native-mmkv:assembleRelease
> Task :react-native-permissions:verifyReleaseResources
> Task :react-native-gesture-handler:lintVitalAnalyzeRelease
> Task :react-native-reanimated:bundleReleaseAar
> Task :react-native-permissions:assembleRelease
> Task :react-native-reanimated:mapReleaseSourceSetPaths
> Task :react-native-safe-area-context:lintVitalAnalyzeRelease
> Task :react-native-reanimated:mergeReleaseResources
> Task :react-native-safe-area-context:bundleReleaseAar
> Task :react-native-safe-area-context:mapReleaseSourceSetPaths
> Task :react-native-reanimated:verifyReleaseResources
> Task :react-native-safe-area-context:mergeReleaseResources
> Task :react-native-reanimated:assembleRelease
> Task :react-native-screens:bundleReleaseAar
> Task :react-native-screens:mapReleaseSourceSetPaths
> Task :react-native-safe-area-context:verifyReleaseResources
> Task :react-native-screens:mergeReleaseResources
> Task :react-native-safe-area-context:assembleRelease
> Task :react-native-svg:bundleReleaseAar
> Task :react-native-svg:mapReleaseSourceSetPaths
> Task :react-native-svg:mergeReleaseResources
> Task :react-native-screens:verifyReleaseResources
> Task :react-native-vision-camera:bundleReleaseAar
> Task :react-native-screens:assembleRelease
> Task :react-native-svg:verifyReleaseResources
> Task :react-native-vision-camera:mapReleaseSourceSetPaths
> Task :react-native-svg:assembleRelease
> Task :react-native-svg:lintVitalAnalyzeRelease
> Task :react-native-vision-camera:mergeReleaseResources
> Task :react-native-screens:lintVitalAnalyzeRelease
> Task :react-native-vision-camera:verifyReleaseResources
> Task :react-native-vision-camera:assembleRelease
> Task :app:minifyReleaseWithR8
> Task :expo-modules-core:lintVitalAnalyzeRelease
> Task :react-native-vision-camera:lintVitalAnalyzeRelease
> Task :app:lintVitalReportRelease
> Task :app:lintVitalRelease
> Task :app:compileReleaseArtProfile
> Task :app:shrinkReleaseRes
> Task :app:optimizeReleaseResources
> Task :app:packageRelease
> Task :app:createReleaseApkListingFileRedirect
> Task :app:assembleRelease

BUILD SUCCESSFUL in 3m 11s
755 actionable tasks: 656 executed, 99 up-to-date
